{"message":"server is listening to port: 6000","level":"info"}
{"message":"key: abcd1 is not valid ::ffff:127.0.0.1 ","level":"error"}
{"message":"server is listening to port: 6000","level":"info"}
{"message":"server is listening to port: 6000","level":"info"}
{"message":"server is listening to port: 6000","level":"info"}
{"message":"server is listening to port: 6000","level":"info"}
{"message":"server is listening to port: 6000","level":"info"}
{"message":"key: abcd1 is not valid ::1 ","level":"error"}
{"message":"server is listening to port: 6000","level":"info"}
{"message":"server is listening to port: 6000","level":"info"}
{"message":"server is listening to port: 6000","level":"info"}
{"message":"server is listening to port: 6000","level":"info"}
{"message":"server is listening to port: 6000","level":"info"}
{"message":"server is listening to port: 6000","level":"info"}
{"message":"server is listening to port: 6000","level":"info"}
{"message":"server is listening to port: 6000","level":"info"}
{"message":"server is listening to port: 6000","level":"info"}
{"message":"server is listening to port: 6000","level":"info"}
{"message":"server is listening to port: 6000","level":"info"}
{"message":"server is listening to port: 6000","level":"info"}
{"message":"server is listening to port: 6000","level":"info"}
{"message":"server is listening to port: 6000","level":"info"}
{"message":"server is listening to port: 6000","level":"info"}
{"message":"server is listening to port: 6000","level":"info"}
{"message":"server is listening to port: 6000","level":"info"}
{"message":"server is listening to port: 6000","level":"info"}
{"message":"server is listening to port: 6000","level":"info"}
{"message":"server is listening to port: 6000","level":"info"}
{"message":"key: abcd111 is not valid ::1 ","level":"error"}
{"message":"server is listening to port: 6000","level":"info"}
{"message":"server is listening to port: 6000","level":"info"}
{"message":"server is listening to port: 6000","level":"info"}
{"message":"server is listening to port: 6000","level":"info"}
{"message":"server is listening to port: 6000","level":"info"}
{"message":"server is listening to port: 6000","level":"info"}
{"message":"server is listening to port: 6000","level":"info"}
{"message":"server is listening to port: 6000","level":"info"}
{"message":"server is listening to port: 6000","level":"info"}
{"message":"server is listening to port: 6000","level":"info"}
{"message":"server is listening to port: 6000","level":"info"}
{"message":"server is listening to port: 6000","level":"info"}
{"message":"server is listening to port: 6000","level":"info"}
{"message":"server is listening to port: 6000","level":"info"}
{"message":"server is listening to port: 6000","level":"info"}
{"message":"server is listening to port: 6000","level":"info"}
{"message":"key: abcd111 is not valid ::1 ","level":"error"}
{"message":"server is listening to port: 6000","level":"info"}
{"message":"server is listening to port: 6000","level":"info"}
{"message":"server is listening to port: 6000","level":"info"}
{"message":"server is listening to port: 6000","level":"info"}
{"message":"server is listening to port: 6001","level":"info"}
{"message":"server is listening to port: 6001","level":"info"}
{"message":"server is listening to port: 6001","level":"info"}
{"message":"server is listening to port: 6001","level":"info"}
{"message":"server is listening to port: 6001","level":"info"}
{"message":"server is listening to port: 6001","level":"info"}
{"message":"server is listening to port: 6001","level":"info"}
{"message":"server is listening to port: 6001","level":"info"}
{"message":"server is listening to port: 6001","level":"info"}
{"message":"server is listening to port: 6001","level":"info"}
{"message":"server is listening to port: 6001","level":"info"}
{"message":"server is listening to port: 6001","level":"info"}
{"message":"server is listening to port: 6001","level":"info"}
{"message":"server is listening to port: 6000","level":"info"}
{"message":"server is listening to port: 6000","level":"info"}
{"message":"server is listening to port: 6000","level":"info"}
{"message":"server is listening to port: 6000","level":"info"}
{"message":"server is listening to port: 6000","level":"info"}
{"message":"server is listening to port: 6000","level":"info"}
{"message":"server is listening to port: 6000","level":"info"}
{"message":"server is listening to port: 6000","level":"info"}
{"message":"server is listening to port: 6000","level":"info"}
{"message":"server is listening to port: 6000","level":"info"}
{"message":"server is listening to port: 6000","level":"info"}
{"message":"server is listening to port: 4000","level":"info"}
{"message":"server is listening to port: 4000","level":"info"}
{"message":"server is listening to port: 4000","level":"info"}
{"message":"server is listening to port: 4000","level":"info"}
{"message":"server is listening to port: 4000","level":"info"}
{"message":"server is listening to port: 4000","level":"info"}
{"message":"server is listening to port: 4000","level":"info"}
{"message":"key: undefined is not valid ::1 ","level":"error"}
{"message":"server is listening to port: 4000","level":"info"}
{"message":"server is listening to port: 4000","level":"info"}
{"message":"server is listening to port: 4000","level":"info"}
{"message":"server is listening to port: 4000","level":"info"}
{"message":"server is listening to port: 4000","level":"info"}
{"message":"server is listening to port: 4000","level":"info"}
{"message":"key: undefined is not valid ::1 ","level":"error"}
{"message":"key: undefined is not valid ::1 ","level":"error"}
{"message":"key: undefined is not valid ::1 ","level":"error"}
{"message":"key: undefined is not valid ::1 ","level":"error"}
{"message":"key: undefined is not valid ::1 ","level":"error"}
{"message":"server is listening to port: 4000","level":"info"}
{"message":"server is listening to port: 4000","level":"info"}
{"message":"server is listening to port: 4000","level":"info"}
{"message":"server is listening to port: 4000","level":"info"}
{"message":"key: undefined is not valid ::1 ","level":"error"}
{"message":"key: undefined is not valid ::1 ","level":"error"}
{"message":"server is listening to port: 4000","level":"info"}
{"message":"server is listening to port: 4000","level":"info"}
{"message":"server is listening to port: 4000","level":"info"}
{"message":"server is listening to port: 4000","level":"info"}
{"message":"server is listening to port: 4000","level":"info"}
{"message":"server is listening to port: 4000","level":"info"}
{"message":"server is listening to port: 4000","level":"info"}
{"message":"server is listening to port: 4000","level":"info"}
{"message":"server is listening to port: 4000","level":"info"}
{"message":"server is listening to port: 4000","level":"info"}
{"message":"server is listening to port: 4000","level":"info"}
{"message":"server is listening to port: 4000","level":"info"}
{"message":"server is listening to port: 4000","level":"info"}
{"message":"server is listening to port: 4000","level":"info"}
{"message":"server is listening to port: 4000","level":"info"}
{"message":"server is listening to port: 4000","level":"info"}
{"message":"server is listening to port: 4000","level":"info"}
{"message":"server is listening to port: 4000","level":"info"}
{"message":"server is listening to port: 4000","level":"info"}
{"message":"server is listening to port: 4000","level":"info"}
{"message":"server is listening to port: 4000","level":"info"}
{"message":"server is listening to port: 4000","level":"info"}
{"message":"server is listening to port: 4000","level":"info"}
{"message":"server is listening to port: 4000","level":"info"}
{"message":"server is listening to port: 4000","level":"info"}
{"message":"server is listening to port: 4000","level":"info"}
{"message":"server is listening to port: 4000","level":"info"}
{"message":"server is listening to port: 4000","level":"info"}
{"message":"server is listening to port: 4000","level":"info"}
{"message":"server is listening to port: 4000","level":"info"}
{"message":"server is listening to port: 4000","level":"info"}
{"message":"server is listening to port: 4000","level":"info"}
{"message":"server is listening to port: 4000","level":"info"}
{"message":"key: undefined is not valid ::1 ","level":"error"}
{"message":"server is listening to port: 4000","level":"info"}
{"message":"server is listening to port: 4000","level":"info"}
{"message":"server is listening to port: 4000","level":"info"}
{"message":"server is listening to port: 4000","level":"info"}
{"message":"server is listening to port: 4000","level":"info"}
{"message":"server is listening to port: 4000","level":"info"}
{"message":"server is listening to port: 4000","level":"info"}
{"message":"server is listening to port: 4000","level":"info"}
{"message":"server is listening to port: 4000","level":"info"}
{"message":"server is listening to port: 4000","level":"info"}
{"message":"server is listening to port: 4000","level":"info"}
{"message":"server is listening to port: 4000","level":"info"}
{"message":"server is listening to port: 4000","level":"info"}
{"message":"server is listening to port: 4000","level":"info"}
{"message":"server is listening to port: 4000","level":"info"}
{"message":"server is listening to port: 4000","level":"info"}
{"message":"key: undefined is not valid ::ffff:10.103.50.159 ","level":"error"}
{"message":"key: undefined is not valid ::ffff:10.103.50.159 ","level":"error"}
{"message":"server is listening to port: 4000","level":"info"}
{"message":"server is listening to port: 4000","level":"info"}
{"message":"server is listening to port: 4000","level":"info"}
{"message":"server is listening to port: 4000","level":"info"}
{"message":"key: undefined is not valid ::1 ","level":"error"}
{"message":"key: undefined is not valid ::1 ","level":"error"}
{"message":"key: undefined is not valid ::1 ","level":"error"}
{"message":"key: undefined is not valid ::1 ","level":"error"}
{"message":"server is listening to port: 4000","level":"info"}
{"message":"key: undefined is not valid ::1 ","level":"error"}
{"message":"key: undefined is not valid ::1 ","level":"error"}
{"message":"key: undefined is not valid ::1 ","level":"error"}
{"message":"key: undefined is not valid ::1 ","level":"error"}
{"message":"key: undefined is not valid ::1 ","level":"error"}
{"message":"key: undefined is not valid ::1 ","level":"error"}
{"message":"key: undefined is not valid ::1 ","level":"error"}
{"message":"key: undefined is not valid ::1 ","level":"error"}
{"message":"key: undefined is not valid ::1 ","level":"error"}
{"message":"key: undefined is not valid ::1 ","level":"error"}
{"message":"key: undefined is not valid ::1 ","level":"error"}
{"message":"key: undefined is not valid ::1 ","level":"error"}
{"message":"key: undefined is not valid ::1 ","level":"error"}
{"message":"key: undefined is not valid ::1 ","level":"error"}
{"message":"key: undefined is not valid ::1 ","level":"error"}
{"message":"server is listening to port: 4000","level":"info"}
{"message":"server is listening to port: 4000","level":"info"}
{"message":"key: undefined is not valid ::1 ","level":"error"}
{"message":"server is listening to port: 4000","level":"info"}
{"message":"server is listening to port: 4000","level":"info"}
{"message":"server is listening to port: 4000","level":"info"}
{"message":"server is listening to port: 4000","level":"info"}
{"message":"server is listening to port: 4000","level":"info"}
{"message":"server is listening to port: 4000","level":"info"}
{"message":"server is listening to port: 4000","level":"info"}
{"message":"server is listening to port: 4000","level":"info"}
{"message":"server is listening to port: 4000","level":"info"}
{"message":"server is listening to port: 4000","level":"info"}
{"message":"server is listening to port: 4000","level":"info"}
{"message":"key: undefined is not valid ::1 ","level":"error"}
{"message":"key: undefined is not valid ::1 ","level":"error"}
{"message":"key: undefined is not valid ::1 ","level":"error"}
{"message":"key: undefined is not valid ::1 ","level":"error"}
{"message":"key: undefined is not valid ::1 ","level":"error"}
{"message":"key: undefined is not valid ::1 ","level":"error"}
{"message":"server is listening to port: 4000","level":"info"}
{"message":"key: undefined is not valid ::1 ","level":"error"}
{"message":"key: undefined is not valid ::1 ","level":"error"}
{"message":"key: undefined is not valid ::1 ","level":"error"}
{"message":"server is listening to port: 4000","level":"info"}
{"message":"server is listening to port: 4000","level":"info"}
{"message":"server is listening to port: 4000","level":"info"}
{"message":"server is listening to port: 4000","level":"info"}
{"message":"server is listening to port: 4000","level":"info"}
{"message":"server is listening to port: 4000","level":"info"}
{"message":"server is listening to port: 4000","level":"info"}
{"message":"server is listening to port: 4000","level":"info"}
{"message":"server is listening to port: 4000","level":"info"}
{"message":"server is listening to port: 4000","level":"info"}
{"message":"server is listening to port: 4000","level":"info"}
{"message":"server is listening to port: 4000","level":"info"}
{"message":"key: undefined is not valid ::1 ","level":"error"}
{"message":"server is listening to port: 4000","level":"info"}
{"message":"key: undefined is not valid ::1 ","level":"error"}
{"message":"key: undefined is not valid ::1 ","level":"error"}
{"message":"key: undefined is not valid ::1 ","level":"error"}
{"message":"key: undefined is not valid ::1 ","level":"error"}
{"message":"key: undefined is not valid ::1 ","level":"error"}
{"message":"key: undefined is not valid ::1 ","level":"error"}
{"message":"key: undefined is not valid ::ffff:10.103.50.191 ","level":"error"}
{"message":"key: undefined is not valid ::ffff:10.103.50.191 ","level":"error"}
{"message":"key: undefined is not valid ::ffff:10.103.50.191 ","level":"error"}
{"message":"key: undefined is not valid ::ffff:10.103.51.210 ","level":"error"}
{"message":"key: undefined is not valid ::ffff:10.103.51.212 ","level":"error"}
{"message":"key: undefined is not valid ::ffff:10.103.50.71 ","level":"error"}
{"message":"key: undefined is not valid ::ffff:10.103.52.17 ","level":"error"}
{"message":"key: undefined is not valid ::ffff:10.103.51.209 ","level":"error"}
{"message":"key: undefined is not valid ::ffff:10.103.52.16 ","level":"error"}
{"message":"key: undefined is not valid ::ffff:10.103.52.16 ","level":"error"}
{"message":"key: undefined is not valid ::ffff:10.103.50.184 ","level":"error"}
{"message":"key: undefined is not valid ::ffff:10.103.52.16 ","level":"error"}
{"message":"key: undefined is not valid ::ffff:10.103.50.169 ","level":"error"}
{"message":"key: undefined is not valid ::ffff:10.103.50.188 ","level":"error"}
{"message":"key: undefined is not valid ::ffff:10.103.51.198 ","level":"error"}
{"message":"key: undefined is not valid ::ffff:10.103.50.169 ","level":"error"}
{"message":"key: undefined is not valid ::ffff:10.103.50.169 ","level":"error"}
{"message":"key: undefined is not valid ::ffff:10.103.51.198 ","level":"error"}
{"message":"key: undefined is not valid ::ffff:10.103.52.16 ","level":"error"}
{"message":"key: undefined is not valid ::ffff:10.103.52.16 ","level":"error"}
{"message":"key: undefined is not valid ::ffff:10.103.50.169 ","level":"error"}
{"message":"key: undefined is not valid ::ffff:10.103.50.169 ","level":"error"}
{"message":"key: undefined is not valid ::ffff:10.103.50.169 ","level":"error"}
{"message":"key: undefined is not valid ::ffff:10.103.51.217 ","level":"error"}
{"message":"key: undefined is not valid ::ffff:10.103.52.16 ","level":"error"}
{"message":"key: undefined is not valid ::ffff:10.103.50.169 ","level":"error"}
{"message":"key: undefined is not valid ::ffff:10.103.52.13 ","level":"error"}
{"message":"key: undefined is not valid ::ffff:10.103.52.13 ","level":"error"}
{"message":"key: undefined is not valid ::ffff:10.103.52.21 ","level":"error"}
{"message":"key: undefined is not valid ::ffff:10.103.52.21 ","level":"error"}
{"message":"key: undefined is not valid ::ffff:10.103.52.13 ","level":"error"}
{"message":"key: undefined is not valid ::ffff:10.103.52.13 ","level":"error"}
{"message":"key: undefined is not valid ::ffff:10.103.52.13 ","level":"error"}
{"message":"key: undefined is not valid ::ffff:10.103.52.13 ","level":"error"}
{"message":"key: undefined is not valid ::ffff:10.103.52.13 ","level":"error"}
{"message":"key: undefined is not valid ::ffff:10.103.50.159 ","level":"error"}
{"message":"key: you_are_the_best is not valid ::ffff:10.103.52.21 ","level":"error"}
{"message":"key: undefined is not valid ::ffff:10.103.52.21 ","level":"error"}
{"message":"server is listening to port: 4000","level":"info"}
{"message":"server is listening to port: 4000","level":"info"}
{"message":"server is listening to port: 4000","level":"info"}
{"message":"server is listening to port: 4000","level":"info"}
{"message":"server is listening to port: 4000","level":"info"}
{"message":"server is listening to port: 4000","level":"info"}
{"message":"server is listening to port: 4000","level":"info"}
{"message":"server is listening to port: 4000","level":"info"}
{"message":"server is listening to port: 4000","level":"info"}
{"message":"server is listening to port: 4000","level":"info"}
{"message":"server is listening to port: 4000","level":"info"}
{"message":"server is listening to port: 4000","level":"info"}
{"message":"server is listening to port: 4000","level":"info"}
{"message":"server is listening to port: 4000","level":"info"}
{"message":"server is listening to port: 4000","level":"info"}
{"message":"server is listening to port: 4000","level":"info"}
{"message":"server is listening to port: 4000","level":"info"}
{"message":"server is listening to port: 4000","level":"info"}
{"message":"server is listening to port: 4000","level":"info"}
{"message":"server is listening to port: 4000","level":"info"}
{"message":"server is listening to port: 4000","level":"info"}
{"message":"server is listening to port: 4000","level":"info"}
{"message":"server is listening to port: 4000","level":"info"}
{"message":"server is listening to port: 4000","level":"info"}
{"message":"server is listening to port: 4000","level":"info"}
{"message":"server is listening to port: 4000","level":"info"}
{"message":"server is listening to port: 4000","level":"info"}
{"message":"server is listening to port: 4000","level":"info"}
{"message":"server is listening to port: 4000","level":"info"}
{"message":"server is listening to port: 4000","level":"info"}
{"message":"server is listening to port: 4000","level":"info"}
{"message":"server is listening to port: 4000","level":"info"}
{"message":"server is listening to port: 4000","level":"info"}
{"message":"server is listening to port: 4000","level":"info"}
{"message":"key: undefined is not valid ::1 ","level":"error"}
{"message":"key: undefined is not valid ::1 ","level":"error"}
{"message":"key: undefined is not valid ::1 ","level":"error"}
{"message":"key: undefined is not valid ::1 ","level":"error"}
{"message":"key: undefined is not valid ::1 ","level":"error"}
{"message":"key: undefined is not valid ::1 ","level":"error"}
{"message":"key: undefined is not valid ::1 ","level":"error"}
{"message":"server is listening to port: 4000","level":"info"}
{"message":"server is listening to port: 4000","level":"info"}
{"message":"key: undefined is not valid ::1 ","level":"error"}
{"message":"key: undefined is not valid ::1 ","level":"error"}
{"message":"key: undefined is not valid ::1 ","level":"error"}
{"message":"key: undefined is not valid ::1 ","level":"error"}
{"message":"key: undefined is not valid ::1 ","level":"error"}
{"message":"key: undefined is not valid ::1 ","level":"error"}
{"message":"key: undefined is not valid ::1 ","level":"error"}
{"message":"key: undefined is not valid ::1 ","level":"error"}
{"message":"key: undefined is not valid ::1 ","level":"error"}
{"message":"key: undefined is not valid ::1 ","level":"error"}
{"message":"key: undefined is not valid ::1 ","level":"error"}
{"message":"key: undefined is not valid ::1 ","level":"error"}
{"message":"key: undefined is not valid ::1 ","level":"error"}
{"message":"key: undefined is not valid ::1 ","level":"error"}
{"message":"key: undefined is not valid ::1 ","level":"error"}
{"message":"key: undefined is not valid ::1 ","level":"error"}
{"message":"key: undefined is not valid ::1 ","level":"error"}
{"message":"key: undefined is not valid ::1 ","level":"error"}
{"message":"key: undefined is not valid ::1 ","level":"error"}
{"message":"key: undefined is not valid ::1 ","level":"error"}
{"message":"key: undefined is not valid ::1 ","level":"error"}
{"message":"server is listening to port: 4000","level":"info"}
{"message":"key: undefined is not valid ::1 ","level":"error"}
{"message":"key: undefined is not valid ::1 ","level":"error"}
{"message":"key: undefined is not valid ::1 ","level":"error"}
{"message":"key: undefined is not valid ::1 ","level":"error"}
{"message":"key: undefined is not valid ::1 ","level":"error"}
{"message":"key: undefined is not valid ::1 ","level":"error"}
{"message":"key: undefined is not valid ::1 ","level":"error"}
{"message":"key: undefined is not valid ::1 ","level":"error"}
{"message":"key: undefined is not valid ::1 ","level":"error"}
{"message":"key: undefined is not valid ::1 ","level":"error"}
{"message":"key: undefined is not valid ::1 ","level":"error"}
{"message":"key: undefined is not valid ::1 ","level":"error"}
{"message":"key: undefined is not valid ::1 ","level":"error"}
{"message":"key: undefined is not valid ::1 ","level":"error"}
{"message":"key: undefined is not valid ::1 ","level":"error"}
{"message":"key: undefined is not valid ::1 ","level":"error"}
{"message":"key: undefined is not valid ::1 ","level":"error"}
{"message":"key: undefined is not valid ::1 ","level":"error"}
{"message":"key: undefined is not valid ::1 ","level":"error"}
{"message":"key: undefined is not valid ::1 ","level":"error"}
{"message":"key: undefined is not valid ::1 ","level":"error"}
{"message":"key: undefined is not valid ::1 ","level":"error"}
{"message":"key: undefined is not valid ::1 ","level":"error"}
{"message":"key: undefined is not valid ::1 ","level":"error"}
{"message":"key: undefined is not valid ::1 ","level":"error"}
{"message":"key: undefined is not valid ::1 ","level":"error"}
{"message":"key: undefined is not valid ::1 ","level":"error"}
{"message":"key: undefined is not valid ::1 ","level":"error"}
{"message":"key: undefined is not valid ::1 ","level":"error"}
{"message":"key: undefined is not valid ::1 ","level":"error"}
{"message":"key: undefined is not valid ::1 ","level":"error"}
{"message":"key: undefined is not valid ::1 ","level":"error"}
{"message":"key: undefined is not valid ::1 ","level":"error"}
{"message":"key: undefined is not valid ::1 ","level":"error"}
{"message":"key: undefined is not valid ::1 ","level":"error"}
{"message":"key: undefined is not valid ::1 ","level":"error"}
{"message":"key: undefined is not valid ::1 ","level":"error"}
{"message":"key: undefined is not valid ::1 ","level":"error"}
{"message":"server is listening to port: 4000","level":"info"}
{"message":"server is listening to port: 4000","level":"info"}
{"message":"server is listening to port: 4000","level":"info"}
{"message":"server is listening to port: 4000","level":"info"}
{"message":"server is listening to port: 4000","level":"info"}
{"message":"server is listening to port: 4000","level":"info"}
{"message":"key: undefined is not valid ::1 ","level":"error"}
{"message":"server is listening to port: 4000","level":"info"}
{"message":"server is listening to port: 4000","level":"info"}
{"message":"server is listening to port: 4000","level":"info"}
{"message":"server is listening to port: 4000","level":"info"}
{"message":"server is listening to port: 4000","level":"info"}
{"message":"server is listening to port: 4000","level":"info"}
{"message":"server is listening to port: 4000","level":"info"}
{"message":"server is listening to port: 4000","level":"info"}
{"message":"server is listening to port: 4000","level":"info"}
{"message":"server is listening to port: 4000","level":"info"}
{"message":"server is listening to port: 4000","level":"info"}
{"message":"server is listening to port: 4000","level":"info"}
{"message":"server is listening to port: 4000","level":"info"}
{"message":"server is listening to port: 4000","level":"info"}
{"message":"server is listening to port: 4000","level":"info"}
{"message":"server is listening to port: 4000","level":"info"}
{"message":"server is listening to port: 4000","level":"info"}
{"message":"server is listening to port: 4000","level":"info"}
{"message":"server is listening to port: 4000","level":"info"}
{"message":"server is listening to port: 4000","level":"info"}
{"message":"server is listening to port: 4000","level":"info"}
{"message":"server is listening to port: 4000","level":"info"}
{"message":"server is listening to port: 4000","level":"info"}
{"message":"server is listening to port: 4000","level":"info"}
{"message":"server is listening to port: 4000","level":"info"}
{"message":"server is listening to port: 4000","level":"info"}
{"message":"server is listening to port: 4000","level":"info"}
{"message":"server is listening to port: 4000","level":"info"}
{"message":"server is listening to port: 4000","level":"info"}
{"message":"server is listening to port: 4000","level":"info"}
{"message":"server is listening to port: 4000","level":"info"}
{"message":"server is listening to port: 4000","level":"info"}
{"message":"server is listening to port: 4000","level":"info"}
{"message":"server is listening to port: 4000","level":"info"}
{"message":"server is listening to port: 4000","level":"info"}
{"message":"server is listening to port: 4000","level":"info"}
{"message":"server is listening to port: 4000","level":"info"}
{"message":"server is listening to port: 4000","level":"info"}
{"message":"server is listening to port: 4000","level":"info"}
{"message":"server is listening to port: 4000","level":"info"}
{"message":"server is listening to port: 4000","level":"info"}
{"message":"server is listening to port: 4000","level":"info"}
{"message":"server is listening to port: 4000","level":"info"}
{"message":"server is listening to port: 4000","level":"info"}
{"message":"server is listening to port: 4000","level":"info"}
{"message":"server is listening to port: 4000","level":"info"}
{"message":"server is listening to port: 4000","level":"info"}
{"message":"server is listening to port: 4000","level":"info"}
{"message":"server is listening to port: 4000","level":"info"}
{"message":"server is listening to port: 4000","level":"info"}
{"message":"server is listening to port: 4000","level":"info"}
{"message":"server is listening to port: 4000","level":"info"}
{"message":"server is listening to port: 4000","level":"info"}
{"message":"server is listening to port: 4000","level":"info"}
{"message":"server is listening to port: 4000","level":"info"}
{"message":"server is listening to port: 4000","level":"info"}
{"message":"server is listening to port: 4000","level":"info"}
{"message":"server is listening to port: 4000","level":"info"}
{"message":"server is listening to port: 4000","level":"info"}
{"message":"server is listening to port: 4000","level":"info"}
{"message":"server is listening to port: 4000","level":"info"}
{"message":"server is listening to port: 4000","level":"info"}
{"message":"server is listening to port: 4000","level":"info"}
{"message":"server is listening to port: 4000","level":"info"}
{"message":"server is listening to port: 4000","level":"info"}
{"message":"server is listening to port: 4000","level":"info"}
{"message":"server is listening to port: 4000","level":"info"}
{"message":"server is listening to port: 4000","level":"info"}
{"message":"server is listening to port: 4000","level":"info"}
{"message":"server is listening to port: 4000","level":"info"}
{"message":"server is listening to port: 4000","level":"info"}
{"message":"server is listening to port: 4000","level":"info"}
{"message":"server is listening to port: 4000","level":"info"}
{"message":"server is listening to port: 4000","level":"info"}
{"message":"server is listening to port: 4000","level":"info"}
{"message":"server is listening to port: 4000","level":"info"}
{"message":"server is listening to port: 4000","level":"info"}
{"message":"server is listening to port: 4000","level":"info"}
{"message":"server is listening to port: 4000","level":"info"}
{"message":"server is listening to port: 4000","level":"info"}
{"message":"server is listening to port: 4000","level":"info"}
{"message":"server is listening to port: 4000","level":"info"}
{"message":"key: abcde is not valid ::1 ","level":"error"}
{"message":"server is listening to port: 4000","level":"info"}
{"message":"server is listening to port: 4000","level":"info"}
{"message":"server is listening to port: 4000","level":"info"}
{"message":"server is listening to port: 4000","level":"info"}
{"message":"server is listening to port: 4000","level":"info"}
{"message":"server is listening to port: 4000","level":"info"}
{"message":"server is listening to port: 4000","level":"info"}
{"message":"server is listening to port: 4000","level":"info"}
{"message":"server is listening to port: 4000","level":"info"}
{"message":"server is listening to port: 4000","level":"info"}
{"message":"server is listening to port: 4000","level":"info"}
{"message":"server is listening to port: 4000","level":"info"}
{"message":"server is listening to port: 4000","level":"info"}
{"message":"server is listening to port: 4000","level":"info"}
{"message":"server is listening to port: 4000","level":"info"}
{"message":"server is listening to port: 4000","level":"info"}
{"message":"server is listening to port: 4000","level":"info"}
{"message":"server is listening to port: 4000","level":"info"}
{"message":"server is listening to port: 4000","level":"info"}
{"message":"server is listening to port: 4000","level":"info"}
{"message":"server is listening to port: 4000","level":"info"}
{"message":"server is listening to port: 4000","level":"info"}
{"message":"server is listening to port: 4000","level":"info"}
{"message":"server is listening to port: 4000","level":"info"}
{"message":"server is listening to port: 4000","level":"info"}
{"message":"server is listening to port: 4000","level":"info"}
{"message":"server is listening to port: 4000","level":"info"}
{"message":"server is listening to port: 4000","level":"info"}
{"message":"server is listening to port: 4000","level":"info"}
{"message":"server is listening to port: 4000","level":"info"}
{"message":"server is listening to port: 4000","level":"info"}
{"message":"server is listening to port: 4000","level":"info"}
{"message":"server is listening to port: 4000","level":"info"}
{"message":"server is listening to port: 5000","level":"info"}
{"message":"server is listening to port: 5000","level":"info"}
{"message":"server is listening to port: 5000","level":"info"}
{"message":"server is listening to port: 5000","level":"info"}
{"message":"server is listening to port: 5000","level":"info"}
{"message":"server is listening to port: 5000","level":"info"}
{"message":"server is listening to port: 5000","level":"info"}
{"message":"server is listening to port: 5000","level":"info"}
{"message":"server is listening to port: 5000","level":"info"}
{"message":"server is listening to port: 5000","level":"info"}
{"message":"server is listening to port: 5000","level":"info"}
{"message":"server is listening to port: 5000","level":"info"}
{"message":"server is listening to port: 5000","level":"info"}
{"message":"server is listening to port: 5000","level":"info"}
{"message":"server is listening to port: 5000","level":"info"}
{"message":"server is listening to port: 5000","level":"info"}
{"message":"server is listening to port: 5000","level":"info"}
{"message":"server is listening to port: 5000","level":"info"}
{"message":"server is listening to port: 5000","level":"info"}
{"message":"server is listening to port: 5000","level":"info"}
{"message":"server is listening to port: 5000","level":"info"}
{"message":"server is listening to port: 5000","level":"info"}
{"message":"server is listening to port: 5000","level":"info"}
{"message":"server is listening to port: 5000","level":"info"}
{"message":"server is listening to port: 5000","level":"info"}
{"message":"server is listening to port: 5000","level":"info"}
{"message":"server is listening to port: 5000","level":"info"}
{"message":"server is listening to port: 5000","level":"info"}
{"message":"server is listening to port: 5000","level":"info"}
{"message":"server is listening to port: 5000","level":"info"}
{"message":"server is listening to port: 5000","level":"info"}
{"message":"server is listening to port: 5000","level":"info"}
{"message":"server is listening to port: 5000","level":"info"}
{"message":"server is listening to port: 5000","level":"info"}
{"message":"server is listening to port: 5000","level":"info"}
{"message":"server is listening to port: 5000","level":"info"}
{"message":"server is listening to port: 5000","level":"info"}
{"message":"server is listening to port: 5000","level":"info"}
{"message":"server is listening to port: 5000","level":"info"}
{"message":"server is listening to port: 5000","level":"info"}
{"message":"server is listening to port: 5000","level":"info"}
{"message":"server is listening to port: 5000","level":"info"}
{"message":"server is listening to port: 5000","level":"info"}
{"message":"server is listening to port: 5000","level":"info"}
{"message":"server is listening to port: 5000","level":"info"}
{"message":"server is listening to port: 5000","level":"info"}
{"message":"server is listening to port: 5000","level":"info"}
{"message":"server is listening to port: 5000","level":"info"}
{"message":"server is listening to port: 5000","level":"info"}
{"message":"server is listening to port: 5000","level":"info"}
{"message":"server is listening to port: 5000","level":"info"}
{"message":"server is listening to port: 5000","level":"info"}
{"message":"server is listening to port: 5000","level":"info"}
{"message":"server is listening to port: 5000","level":"info"}
{"message":"server is listening to port: 5000","level":"info"}
{"message":"server is listening to port: 5000","level":"info"}
{"message":"server is listening to port: 5000","level":"info"}
{"message":"server is listening to port: 5000","level":"info"}
{"message":"server is listening to port: 5000","level":"info"}
{"message":"server is listening to port: 5000","level":"info"}
{"message":"server is listening to port: 4000","level":"info"}
{"message":"server is listening to port: 4000","level":"info"}
{"message":"server is listening to port: 4000","level":"info"}
{"message":"server is listening to port: 4000","level":"info"}
{"message":"server is listening to port: 4000","level":"info"}
{"message":"server is listening to port: 4000","level":"info"}
{"message":"server is listening to port: 4000","level":"info"}
{"message":"server is listening to port: 4000","level":"info"}
{"message":"server is listening to port: 4000","level":"info"}
{"message":"server is listening to port: 4000","level":"info"}
{"message":"server is listening to port: 4000","level":"info"}
{"message":"server is listening to port: 4000","level":"info"}
{"message":"server is listening to port: 4000","level":"info"}
{"message":"server is listening to port: 4000","level":"info"}
{"message":"server is listening to port: 4000","level":"info"}
{"message":"server is listening to port: 4000","level":"info"}
{"message":"server is listening to port: 4000","level":"info"}
{"message":"server is listening to port: 4000","level":"info"}
{"message":"server is listening to port: 4000","level":"info"}
{"message":"server is listening to port: 4000","level":"info"}
{"message":"server is listening to port: 4000","level":"info"}
{"message":"server is listening to port: 4000","level":"info"}
{"message":"server is listening to port: 4000","level":"info"}
{"message":"server is listening to port: 4000","level":"info"}
{"message":"server is listening to port: 4000","level":"info"}
{"message":"server is listening to port: 4000","level":"info"}
{"message":"server is listening to port: 4000","level":"info"}
{"message":"server is listening to port: 4000","level":"info"}
{"message":"server is listening to port: 4000","level":"info"}
{"message":"server is listening to port: 4000","level":"info"}
{"message":"server is listening to port: 4000","level":"info"}
{"message":"server is listening to port: 4000","level":"info"}
{"message":"server is listening to port: 4000","level":"info"}
{"message":"server is listening to port: 4000","level":"info"}
{"message":"server is listening to port: 4000","level":"info"}
{"message":"server is listening to port: 4000","level":"info"}
{"message":"server is listening to port: 4000","level":"info"}
{"message":"server is listening to port: 4000","level":"info"}
{"message":"server is listening to port: 4000","level":"info"}
{"message":"server is listening to port: 4000","level":"info"}
{"message":"server is listening to port: 4000","level":"info"}
{"message":"server is listening to port: 4000","level":"info"}
{"message":"server is listening to port: 4000","level":"info"}
{"message":"server is listening to port: 4000","level":"info"}
{"message":"server is listening to port: 4000","level":"info"}
{"message":"server is listening to port: 4000","level":"info"}
{"message":"server is listening to port: 4000","level":"info"}
{"message":"server is listening to port: 4000","level":"info"}
{"message":"server is listening to port: 4000","level":"info"}
{"message":"server is listening to port: 4000","level":"info"}
{"message":"server is listening to port: 4000","level":"info"}
{"message":"server is listening to port: 4000","level":"info"}
{"message":"server is listening to port: 4000","level":"info"}
{"message":"server is listening to port: 4000","level":"info"}
{"message":"server is listening to port: 4000","level":"info"}
{"message":"server is listening to port: 4000","level":"info"}
{"message":"server is listening to port: 4000","level":"info"}
{"message":"key: undefined is not valid ::1 ","level":"error"}
{"message":"key: undefined is not valid ::1 ","level":"error"}
{"message":"server is listening to port: 4000","level":"info"}
{"message":"key: undefined is not valid ::1 ","level":"error"}
{"message":"key: undefined is not valid ::1 ","level":"error"}
{"message":"server is listening to port: 4000","level":"info"}
{"message":"server is listening to port: 4000","level":"info"}
{"message":"server is listening to port: 4000","level":"info"}
{"message":"server is listening to port: 4000","level":"info"}
{"message":"server is listening to port: 4000","level":"info"}
{"message":"server is listening to port: 4000","level":"info"}
{"message":"server is listening to port: 4000","level":"info"}
{"message":"server is listening to port: 4000","level":"info"}
{"message":"server is listening to port: 4000","level":"info"}
{"message":"server is listening to port: 4000","level":"info"}
{"message":"server is listening to port: 4000","level":"info"}
{"message":"server is listening to port: 4000","level":"info"}
{"message":"server is listening to port: 4000","level":"info"}
{"message":"server is listening to port: 4000","level":"info"}
{"message":"server is listening to port: 4000","level":"info"}
{"message":"server is listening to port: 4000","level":"info"}
{"message":"server is listening to port: 4000","level":"info"}
{"message":"server is listening to port: 4000","level":"info"}
{"message":"server is listening to port: 4000","level":"info"}
{"message":"server is listening to port: 4000","level":"info"}
{"message":"server is listening to port: 4000","level":"info"}
{"message":"server is listening to port: 4000","level":"info"}
{"message":"server is listening to port: 4000","level":"info"}
{"message":"server is listening to port: 4000","level":"info"}
{"message":"server is listening to port: 4000","level":"info"}
{"message":"server is listening to port: 4000","level":"info"}
{"message":"server is listening to port: 4000","level":"info"}
{"message":"server is listening to port: 4000","level":"info"}
{"message":"server is listening to port: 4000","level":"info"}
{"message":"server is listening to port: 4000","level":"info"}
{"message":"server is listening to port: 4000","level":"info"}
{"message":"server is listening to port: 4000","level":"info"}
{"message":"server is listening to port: undefined","level":"info"}
{"message":"server is listening to port: 3200","level":"info"}
{"message":"server is listening to port: 3200","level":"info"}
{"message":"server is listening to port: 3200","level":"info"}
{"message":"server is listening to port: 3200","level":"info"}
{"message":"server is listening to port: 3200","level":"info"}
{"message":"server is listening to port: 3200","level":"info"}
{"message":"server is listening to port: 3200","level":"info"}
{"message":"server is listening to port: 3200","level":"info"}
{"message":"server is listening to port: 3200","level":"info"}
{"message":"server is listening to port: 3200","level":"info"}
{"message":"server is listening to port: 3200","level":"info"}
{"message":"server is listening to port: 3200","level":"info"}
{"message":"server is listening to port: 3200","level":"info"}
{"message":"server is listening to port: undefined","level":"info"}
{"message":"server is listening to port: undefined","level":"info"}
{"message":"server is listening to port: undefined","level":"info"}
{"message":"server is listening to port: undefined","level":"info"}
{"message":"server is listening to port: undefined","level":"info"}
{"message":"server is listening to port: undefined","level":"info"}
{"message":"server is listening to port: undefined","level":"info"}
{"message":"server is listening to port: undefined","level":"info"}
{"message":"server is listening to port: undefined","level":"info"}
{"message":"server is listening to port: undefined","level":"info"}
{"message":"server is listening to port: undefined","level":"info"}
{"message":"server is listening to port: undefined","level":"info"}
{"message":"server is listening to port: undefined","level":"info"}
{"message":"server is listening to port: undefined","level":"info"}
{"message":"server is listening to port: undefined","level":"info"}
{"message":"server is listening to port: undefined","level":"info"}
{"message":"server is listening to port: undefined","level":"info"}
{"message":"server is listening to port: 3200","level":"info"}
{"message":"server is listening to port: 3200","level":"info"}
{"message":"server is listening to port: 3200","level":"info"}
{"message":"server is listening to port: 3200","level":"info"}
{"message":"server is listening to port: 3200","level":"info"}
{"message":"server is listening to port: 3200","level":"info"}
{"message":"server is listening to port: 3200","level":"info"}
{"message":"server is listening to port: 3200","level":"info"}
{"message":"server is listening to port: 3200","level":"info"}
{"message":"server is listening to port: 3200","level":"info"}
{"message":"server is listening to port: 3200","level":"info"}
{"message":"server is listening to port: 3200","level":"info"}
{"message":"server is listening to port: 3200","level":"info"}
{"message":"server is listening to port: 3200","level":"info"}
{"message":"server is listening to port: 3200","level":"info"}
{"message":"server is listening to port: 3200","level":"info"}
{"message":"server is listening to port: 3200","level":"info"}
{"message":"server is listening to port: 3200","level":"info"}
{"message":"server is listening to port: 3200","level":"info"}
{"message":"server is listening to port: 3200","level":"info"}
{"message":"server is listening to port: 3200","level":"info"}
{"message":"server is listening to port: 3200","level":"info"}
{"message":"server is listening to port: 3200","level":"info"}
{"message":"server is listening to port: 3200","level":"info"}
{"message":"server is listening to port: 3200","level":"info"}
{"message":"server is listening to port: 3200","level":"info"}
{"message":"server is listening to port: 3200","level":"info"}
{"message":"server is listening to port: 3200","level":"info"}
{"message":"server is listening to port: 3200","level":"info"}
{"message":"server is listening to port: 3200","level":"info"}
{"message":"server is listening to port: 3200","level":"info"}
{"message":"server is listening to port: 3200","level":"info"}
{"message":"server is listening to port: 3200","level":"info"}
{"message":"server is listening to port: 3200","level":"info"}
{"message":"server is listening to port: 3200","level":"info"}
{"message":"server is listening to port: 3200","level":"info"}
{"message":"server is listening to port: 3200","level":"info"}
{"message":"server is listening to port: 3200","level":"info"}
{"message":"server is listening to port: 3200","level":"info"}
{"message":"server is listening to port: 3200","level":"info"}
{"message":"server is listening to port: 3200","level":"info"}
{"message":"server is listening to port: 3200","level":"info"}
{"message":"server is listening to port: 3200","level":"info"}
{"message":"server is listening to port: 3200","level":"info"}
{"message":"server is listening to port: 3200","level":"info"}
{"message":"server is listening to port: 3200","level":"info"}
{"message":"server is listening to port: 3200","level":"info"}
{"message":"server is listening to port: 3200","level":"info"}
{"message":"server is listening to port: 3200","level":"info"}
{"message":"server is listening to port: 3200","level":"info"}
{"message":"server is listening to port: 3200","level":"info"}
{"message":"server is listening to port: 3200","level":"info"}
{"message":"server is listening to port: 3200","level":"info"}
{"message":"server is listening to port: 3200","level":"info"}
{"message":"server is listening to port: 3200","level":"info"}
{"message":"server is listening to port: 3200","level":"info"}
{"message":"server is listening to port: 3200","level":"info"}
{"message":"server is listening to port: 3200","level":"info"}
{"message":"server is listening to port: 3200","level":"info"}
{"message":"server is listening to port: 3200","level":"info"}
{"message":"server is listening to port: 3200","level":"info"}
{"message":"server is listening to port: 3200","level":"info"}
{"message":"server is listening to port: 3200","level":"info"}
{"message":"server is listening to port: 3200","level":"info"}
{"message":"server is listening to port: 3200","level":"info"}
{"message":"server is listening to port: 3200","level":"info"}
{"message":"server is listening to port: 3200","level":"info"}
{"message":"server is listening to port: 3200","level":"info"}
{"message":"server is listening to port: 3200","level":"info"}
{"message":"server is listening to port: 3200","level":"info"}
{"message":"server is listening to port: 3200","level":"info"}
{"message":"server is listening to port: 3200","level":"info"}
{"message":"server is listening to port: 3200","level":"info"}
{"message":"server is listening to port: 3200","level":"info"}
{"message":"server is listening to port: 3200","level":"info"}
{"message":"server is listening to port: 3200","level":"info"}
{"message":"server is listening to port: 3200","level":"info"}
{"message":"server is listening to port: 3200","level":"info"}
{"message":"server is listening to port: 3200","level":"info"}
{"message":"server is listening to port: 3200","level":"info"}
{"message":"server is listening to port: 3200","level":"info"}
{"message":"server is listening to port: 3200","level":"info"}
{"message":"server is listening to port: 3200","level":"info"}
{"message":"server is listening to port: 3200","level":"info"}
{"message":"server is listening to port: 3200","level":"info"}
{"message":"server is listening to port: 3200","level":"info"}
{"message":"server is listening to port: 3200","level":"info"}
{"message":"server is listening to port: 3200","level":"info"}
{"message":"server is listening to port: 3200","level":"info"}
{"message":"server is listening to port: 3200","level":"info"}
{"message":"server is listening to port: 3200","level":"info"}
{"message":"server is listening to port: 3200","level":"info"}
{"message":"server is listening to port: 3200","level":"info"}
{"message":"server is listening to port: 3200","level":"info"}
{"message":"server is listening to port: 3200","level":"info"}
{"message":"server is listening to port: 3200","level":"info"}
{"message":"server is listening to port: 3200","level":"info"}
{"message":"server is listening to port: 3200","level":"info"}
{"message":"server is listening to port: 3200","level":"info"}
{"message":"server is listening to port: 3200","level":"info"}
{"message":"server is listening to port: 3200","level":"info"}
{"message":"server is listening to port: 3200","level":"info"}
{"message":"server is listening to port: 3200","level":"info"}
{"message":"server is listening to port: 3200","level":"info"}
{"message":"server is listening to port: 3200","level":"info"}
{"message":"server is listening to port: 3200","level":"info"}
{"message":"server is listening to port: 3200","level":"info"}
{"message":"server is listening to port: 3200","level":"info"}
{"message":"server is listening to port: 3200","level":"info"}
{"message":"server is listening to port: 3200","level":"info"}
{"message":"server is listening to port: 3200","level":"info"}
{"message":"server is listening to port: 3200","level":"info"}
{"message":"server is listening to port: 3200","level":"info"}
{"message":"server is listening to port: 3200","level":"info"}
{"message":"server is listening to port: 3200","level":"info"}
{"message":"server is listening to port: 3200","level":"info"}
{"message":"server is listening to port: 3200","level":"info"}
{"message":"server is listening to port: 3200","level":"info"}
{"message":"server is listening to port: 3200","level":"info"}
{"message":"server is listening to port: 3200","level":"info"}
{"message":"server is listening to port: 3200","level":"info"}
{"message":"server is listening to port: 3200","level":"info"}
{"message":"server is listening to port: 3200","level":"info"}
{"message":"server is listening to port: 3200","level":"info"}
{"message":"server is listening to port: 3200","level":"info"}
{"message":"server is listening to port: 3200","level":"info"}
{"message":"server is listening to port: 3200","level":"info"}
{"message":"server is listening to port: 3200","level":"info"}
{"message":"server is listening to port: 3200","level":"info"}
{"message":"server is listening to port: 3200","level":"info"}
{"message":"server is listening to port: 3200","level":"info"}
{"message":"server is listening to port: 3200","level":"info"}
{"message":"server is listening to port: 3200","level":"info"}
{"message":"server is listening to port: 3200","level":"info"}
{"message":"server is listening to port: 3200","level":"info"}
{"message":"server is listening to port: 3200","level":"info"}
{"message":"server is listening to port: 3200","level":"info"}
{"message":"server is listening to port: 3200","level":"info"}
{"message":"server is listening to port: 3200","level":"info"}
{"message":"server is listening to port: 3200","level":"info"}
{"message":"server is listening to port: 3200","level":"info"}
{"message":"server is listening to port: 3200","level":"info"}
{"message":"server is listening to port: 3200","level":"info"}
{"message":"server is listening to port: 3200","level":"info"}
{"message":"server is listening to port: 3200","level":"info"}
{"message":"server is listening to port: 3200","level":"info"}
{"message":"server is listening to port: 3200","level":"info"}
{"message":"server is listening to port: 3200","level":"info"}
{"message":"server is listening to port: 3200","level":"info"}
{"message":"server is listening to port: 3200","level":"info"}
{"message":"server is listening to port: 3200","level":"info"}
{"message":"server is listening to port: 3200","level":"info"}
{"message":"server is listening to port: 3200","level":"info"}
{"message":"server is listening to port: 3200","level":"info"}
{"message":"server is listening to port: 3200","level":"info"}
{"message":"server is listening to port: 3200","level":"info"}
{"message":"server is listening to port: 3200","level":"info"}
{"message":"server is listening to port: 3200","level":"info"}
{"message":"server is listening to port: 3200","level":"info"}
{"message":"server is listening to port: 3200","level":"info"}
{"message":"server is listening to port: 3200","level":"info"}
{"message":"server is listening to port: 3200","level":"info"}
{"message":"server is listening to port: 3200","level":"info"}
{"message":"server is listening to port: 3200","level":"info"}
{"message":"server is listening to port: 3200","level":"info"}
{"message":"server is listening to port: 3200","level":"info"}
{"message":"server is listening to port: 3200","level":"info"}
{"message":"server is listening to port: 3200","level":"info"}
{"message":"server is listening to port: 3200","level":"info"}
{"message":"server is listening to port: 3200","level":"info"}
{"message":"server is listening to port: 3200","level":"info"}
{"message":"server is listening to port: 3200","level":"info"}
{"message":"server is listening to port: 3200","level":"info"}
{"message":"server is listening to port: 3200","level":"info"}
{"message":"server is listening to port: 3200","level":"info"}
{"message":"server is listening to port: 3200","level":"info"}
{"message":"server is listening to port: 3200","level":"info"}
{"message":"server is listening to port: 3200","level":"info"}
{"message":"server is listening to port: 3200","level":"info"}
{"message":"server is listening to port: 3200","level":"info"}
{"message":"server is listening to port: 3200","level":"info"}
{"message":"server is listening to port: 3200","level":"info"}
{"message":"server is listening to port: 3200","level":"info"}
{"message":"server is listening to port: 3200","level":"info"}
{"message":"server is listening to port: 3200","level":"info"}
{"message":"server is listening to port: 3200","level":"info"}
{"message":"server is listening to port: 3200","level":"info"}
{"message":"server is listening to port: 3200","level":"info"}
{"message":"server is listening to port: 3200","level":"info"}
{"message":"server is listening to port: 3200","level":"info"}
{"message":"server is listening to port: 3200","level":"info"}
{"message":"server is listening to port: 3200","level":"info"}
{"message":"server is listening to port: 3200","level":"info"}
{"message":"server is listening to port: 3200","level":"info"}
{"message":"server is listening to port: 3200","level":"info"}
{"message":"server is listening to port: 3200","level":"info"}
{"message":"server is listening to port: 3200","level":"info"}
{"message":"server is listening to port: 3200","level":"info"}
{"message":"server is listening to port: 3200","level":"info"}
{"message":"server is listening to port: 3200","level":"info"}
{"message":"server is listening to port: 3200","level":"info"}
{"message":"server is listening to port: 3200","level":"info"}
{"message":"server is listening to port: 3200","level":"info"}
{"message":"server is listening to port: 3200","level":"info"}
{"message":"server is listening to port: 3200","level":"info"}
{"message":"server is listening to port: 3200","level":"info"}
{"message":"server is listening to port: 3200","level":"info"}
{"message":"server is listening to port: 3200","level":"info"}
{"message":"server is listening to port: 3200","level":"info"}
{"message":"server is listening to port: 3200","level":"info"}
{"message":"server is listening to port: 3200","level":"info"}
{"message":"server is listening to port: 3200","level":"info"}
{"message":"server is listening to port: 3200","level":"info"}
{"message":"server is listening to port: 3200","level":"info"}
{"message":"server is listening to port: 3200","level":"info"}
{"message":"server is listening to port: 3200","level":"info"}
{"message":"server is listening to port: 3200","level":"info"}
{"message":"server is listening to port: 3200","level":"info"}
{"message":"server is listening to port: 3200","level":"info"}
{"message":"server is listening to port: 3200","level":"info"}
{"message":"server is listening to port: 3200","level":"info"}
{"message":"server is listening to port: 3200","level":"info"}
{"message":"server is listening to port: 3200","level":"info"}
{"message":"server is listening to port: 3200","level":"info"}
{"message":"server is listening to port: 3200","level":"info"}
{"message":"server is listening to port: 3200","level":"info"}
{"message":"server is listening to port: 3200","level":"info"}
{"message":"server is listening to port: 3200","level":"info"}
{"message":"server is listening to port: 3200","level":"info"}
{"message":"server is listening to port: 3200","level":"info"}
{"message":"server is listening to port: 3200","level":"info"}
{"message":"server is listening to port: 3200","level":"info"}
{"message":"server is listening to port: 3200","level":"info"}
{"message":"server is listening to port: 3200","level":"info"}
{"message":"server is listening to port: 3200","level":"info"}
{"message":"server is listening to port: 3200","level":"info"}
{"message":"server is listening to port: 3200","level":"info"}
{"message":"server is listening to port: 3200","level":"info"}
{"message":"server is listening to port: 3200","level":"info"}
{"message":"server is listening to port: 3200","level":"info"}
{"message":"server is listening to port: 3200","level":"info"}
{"message":"server is listening to port: 3200","level":"info"}
{"message":"server is listening to port: 3200","level":"info"}
{"message":"server is listening to port: 3200","level":"info"}
{"message":"server is listening to port: 3200","level":"info"}
